<?xml version="1.0" encoding="UTF-8"?>
<!-- Generated by org.testng.reporters.JUnitXMLReporter -->
<testsuite ignored="0" hostname="DESKTOP-JIO8SA8" failures="0" tests="5" name="chrome Test" time="21.583" errors="0" timestamp="2023-07-26T12:51:38 IST">
  <testcase classname="tests.LaunchTest" name="closeBrowser" time="0.949"/>
  <testcase classname="tests.LaunchTest" name="test3" time="0.002"/>
  <testcase classname="tests.LaunchTest" name="test4" time="0.002"/>
  <testcase classname="tests.LaunchTest" name="launch" time="0.212"/>
  <testcase classname="tests.LaunchTest" name="launch" time="0.156"/>
</testsuite> <!-- chrome Test -->
